**********************************************************************************************
                                                                                              
                     NNNNNNNN        NNNNNNNN        SSSSSSSSSSSSSSS      PPPPPPPPPPPPPPPPP   
                     N:::::::N       N::::::N      SS:::::::::::::::S     P::::::::::::::::P  
                     N::::::::N      N::::::N     S:::::SSSSSS::::::S     P::::::PPPPPP:::::P 
                     N:::::::::N     N::::::N     S:::::S     SSSSSSS     PP:::::P     P:::::P
                     N::::::::::N    N::::::N     S:::::S                   P::::P     P:::::P
                     N:::::::::::N   N::::::N     S:::::S                   P::::P     P:::::P
                     N:::::::N::::N  N::::::N      S::::SSSS                P::::PPPPPP:::::P 
                     N::::::N N::::N N::::::N       SS::::::SSSSS           P:::::::::::::PP  
                     N::::::N  N::::N:::::::N         SSS::::::::SS         P::::PPPPPPPPP    
                     N::::::N   N:::::::::::N            SSSSSS::::S        P::::P            
                     N::::::N    N::::::::::N                 S:::::S       P::::P            
                     N::::::N     N:::::::::N                 S:::::S       P::::P            
                     N::::::N      N::::::::N     SSSSSSS     S:::::S     PP::::::PP          
                     N::::::N       N:::::::N     S::::::SSSSSS:::::S     P::::::::P          
                     N::::::N        N::::::N     S:::::::::::::::SS      P::::::::P          
                     NNNNNNNN         NNNNNNN      SSSSSSSSSSSSSSS        PPPPPPPPPP          
                                                                                              
                           Nucleic Acid Prediction method developed by XiaoLab                
**********************************************************************************************
Start time: Fri Feb 23 19:25:24 2024

NSP version: 2.0.1
NSP library path: /home/share/apps/nsp2/lib1
# Reading sequence
Seq:GUUCUCUAAACGAAC
# Reading secondary structure
# Set disused pdbs...
# Check input
# Constructing 2D Structure Tree
# Searching records...
# Printing records...
Records searching results:
SSE(0x1ba6500):
  Helix GUUCGAAC (((()))) 1 2 3 4 12 13 14 15 (45622)
  Loop UCUCUAAACGA ((.......)) 3 4 5 6 7 8 9 10 11 12 13  (12192)
SST (Secondary Structure Tree) : 0x7fffb4b3c870
SSE (0x1ba6500) : 
Helix:  GUUCGAAC (((()))) 1 2 3 4 12 13 14 15
Loop:  UCUCUAAACGA ((.......)) 3 4 5 6 7 8 9 10 11 12 13 

# SSE: 0x1ba6500
SSE (0x1ba6500) : 
Helix:  GUUCGAAC (((()))) 1 2 3 4 12 13 14 15
Loop:  UCUCUAAACGA ((.......)) 3 4 5 6 7 8 9 10 11 12 13 
# Select template of loop of SSE: 0x1ba6500
# Select template of helix of SSE: 0x1ba6500
# Select the best match!
## Score of Templates: 19
## Print Templates.
0x1ba6500 : 4RQE_0-4-loop-1 4TZP_2-2-helix-4
## Position Templates.
## Assemble Templates.
## Transform.
## Score of Templates: 16.2
## Print Templates.
0x1ba6500 : 6AZ1_0-101-loop-1 4TZP_2-2-helix-4
## Position Templates.
## Assemble Templates.
## Transform.
# Writing sampling structure 2
## Score of Templates: 11
## Print Templates.
0x1ba6500 : 1J5A_0-27-loop-1 4TZP_2-2-helix-4
## Position Templates.
## Assemble Templates.
## Transform.
# Writing sampling structure 3
## Score of Templates: 15.2
## Print Templates.
0x1ba6500 : 4V7K_6-89-loop-1 4TZP_2-2-helix-4
## Position Templates.
## Assemble Templates.
## Transform.
# Writing sampling structure 4
## Score of Templates: 9.4
## Print Templates.
0x1ba6500 : 5MDV_0-147-loop-1 4TZP_2-2-helix-4
## Position Templates.
## Assemble Templates.
## Transform.
# Writing sampling structure 5
## Score of Templates: 16
## Print Templates.
0x1ba6500 : 5W4K_0-150-loop-1 4TZP_2-2-helix-4
## Position Templates.
## Assemble Templates.
## Transform.
# Writing sampling structure 6
## Score of Templates: 15
## Print Templates.
0x1ba6500 : 6GC6_0-59-loop-1 4TZP_2-2-helix-4
## Position Templates.
## Assemble Templates.
## Transform.
# Writing sampling structure 7
## Score of Templates: 9.4
## Print Templates.
0x1ba6500 : 4WQR_5-140-loop-1 4TZP_2-2-helix-4
## Position Templates.
## Assemble Templates.
## Transform.
# Writing sampling structure 8
## Score of Templates: 10
## Print Templates.
0x1ba6500 : 4V9P_12-13-loop-1 4TZP_2-2-helix-4
## Position Templates.
## Assemble Templates.
## Transform.
# Writing sampling structure 9
## Score of Templates: 16
## Print Templates.
0x1ba6500 : 3J7Q_0-182-loop-1 4TZP_2-2-helix-4
## Position Templates.
## Assemble Templates.
## Transform.
# Writing sampling structure 10
End time: Fri Feb 23 19:25:29 2024

Elapsed seconds: 5.46454s
