**********************************************************************************************
                                                                                              
                     NNNNNNNN        NNNNNNNN        SSSSSSSSSSSSSSS      PPPPPPPPPPPPPPPPP   
                     N:::::::N       N::::::N      SS:::::::::::::::S     P::::::::::::::::P  
                     N::::::::N      N::::::N     S:::::SSSSSS::::::S     P::::::PPPPPP:::::P 
                     N:::::::::N     N::::::N     S:::::S     SSSSSSS     PP:::::P     P:::::P
                     N::::::::::N    N::::::N     S:::::S                   P::::P     P:::::P
                     N:::::::::::N   N::::::N     S:::::S                   P::::P     P:::::P
                     N:::::::N::::N  N::::::N      S::::SSSS                P::::PPPPPP:::::P 
                     N::::::N N::::N N::::::N       SS::::::SSSSS           P:::::::::::::PP  
                     N::::::N  N::::N:::::::N         SSS::::::::SS         P::::PPPPPPPPP    
                     N::::::N   N:::::::::::N            SSSSSS::::S        P::::P            
                     N::::::N    N::::::::::N                 S:::::S       P::::P            
                     N::::::N     N:::::::::N                 S:::::S       P::::P            
                     N::::::N      N::::::::N     SSSSSSS     S:::::S     PP::::::PP          
                     N::::::N       N:::::::N     S::::::SSSSSS:::::S     P::::::::P          
                     N::::::N        N::::::N     S:::::::::::::::SS      P::::::::P          
                     NNNNNNNN         NNNNNNN      SSSSSSSSSSSSSSS        PPPPPPPPPP          
                                                                                              
                           Nucleic Acid Prediction method developed by XiaoLab                
**********************************************************************************************
Start time: Sun Feb 25 19:03:20 2024

NSP version: 2.0.1
NSP library path: /home/share/apps/nsp2/lib1
# Reading sequence
Seq:GAUCUCUUGUAGAUCUGUUCUCUAAACGAAC
# Reading secondary structure
# Set disused pdbs...
# Check input
# Constructing 2D Structure Tree
# Searching records...
# Printing records...
Records searching results:
SSE(0x18a48f0):
  Loop GAUCUGUAC (()).(()) 1 2 14 15 16 17 18 30 31  (4)
SSE(0x18a2660):
  Helix GAUCUAGAUC ((((())))) 1 2 3 4 5 11 12 13 14 15 (38813)
  Loop CUCUUGUAG ((.....)) 4 5 6 7 8 9 10 11 12  (12143)
SSE(0x18a3840):
  Helix GUUCGAAC (((()))) 17 18 19 20 28 29 30 31 (45622)
  Loop UCUCUAAACGA ((.......)) 19 20 21 22 23 24 25 26 27 28 29  (12192)
SST (Secondary Structure Tree) : 0x7ffd1325c6c0
SSE (0x18a48f0) : 
Helix:   
Loop:  GAUCUGUAC (()).(()) 1 2 14 15 16 17 18 30 31 
SSE (0x18a2660) : 
Helix:  GAUCUAGAUC ((((())))) 1 2 3 4 5 11 12 13 14 15
Loop:  CUCUUGUAG ((.....)) 4 5 6 7 8 9 10 11 12 
SSE (0x18a3840) : 
Helix:  GUUCGAAC (((()))) 17 18 19 20 28 29 30 31
Loop:  UCUCUAAACGA ((.......)) 19 20 21 22 23 24 25 26 27 28 29 

# SSE: 0x18a48f0
SSE (0x18a48f0) : 
Helix:   
Loop:  GAUCUGUAC (()).(()) 1 2 14 15 16 17 18 30 31 
# Select template of loop of SSE: 0x18a48f0
# Select template of helix of SSE: 0x18a48f0
# SSE: 0x18a2660
SSE (0x18a2660) : 
Helix:  GAUCUAGAUC ((((())))) 1 2 3 4 5 11 12 13 14 15
Loop:  CUCUUGUAG ((.....)) 4 5 6 7 8 9 10 11 12 
# Select template of loop of SSE: 0x18a2660
# Select template of helix of SSE: 0x18a2660
# Select the best match!
# SSE: 0x18a3840
SSE (0x18a3840) : 
Helix:  GUUCGAAC (((()))) 17 18 19 20 28 29 30 31
Loop:  UCUCUAAACGA ((.......)) 19 20 21 22 23 24 25 26 27 28 29 
# Select template of loop of SSE: 0x18a3840
# Select template of helix of SSE: 0x18a3840
# Select the best match!
## Score of Templates: 46.6
## Print Templates.
0x18a48f0 : 6FRK_0-1-loop-3 unknown
0x18a2660 : 2L6I_0-2-loop-1 2L6I_0-1-helix-5
0x18a3840 : 4RQE_0-4-loop-1 4TZP_2-2-helix-4
## Position Templates.
## Assemble Templates.
## Transform.
## Score of Templates: 35.6
## Print Templates.
0x18a48f0 : 6FRK_0-1-loop-3 unknown
0x18a2660 : 4ILM_0-2-loop-1 2L6I_0-1-helix-5
0x18a3840 : 1J5A_0-27-loop-1 4TZP_2-2-helix-4
## Position Templates.
## Assemble Templates.
## Transform.
# Writing sampling structure 2
## Score of Templates: 33.8
## Print Templates.
0x18a48f0 : 6FRK_0-1-loop-3 unknown
0x18a2660 : 6GZ5_0-96-loop-1 2L6I_0-1-helix-5
0x18a3840 : 5W4K_0-150-loop-1 4TZP_2-2-helix-4
## Position Templates.
## Assemble Templates.
## Transform.
# Writing sampling structure 3
## Score of Templates: 27.8
## Print Templates.
0x18a48f0 : 6FRK_0-1-loop-3 unknown
0x18a2660 : 5A9Z_0-152-loop-1 2L6I_0-1-helix-5
0x18a3840 : 4V9P_12-13-loop-1 4TZP_2-2-helix-4
## Position Templates.
## Assemble Templates.
## Transform.
# Writing sampling structure 4
## Score of Templates: 28.2
## Print Templates.
0x18a48f0 : 6FRK_0-1-loop-3 unknown
0x18a2660 : 4WQF_0-163-loop-1 2L6I_0-1-helix-5
0x18a3840 : 6OXA_4-11-loop-1 4TZP_2-2-helix-4
## Position Templates.
## Assemble Templates.
## Transform.
# Writing sampling structure 5
## Score of Templates: 29.8
## Print Templates.
0x18a48f0 : 6FRK_0-1-loop-3 unknown
0x18a2660 : 4WQY_0-130-loop-1 2L6I_0-1-helix-5
0x18a3840 : 6BZ8_5-85-loop-1 4TZP_2-2-helix-4
## Position Templates.
## Assemble Templates.
## Transform.
# Writing sampling structure 6
## Score of Templates: 28.8
## Print Templates.
0x18a48f0 : 6R6G_7-1-loop-3 unknown
0x18a2660 : 1VY4_5-81-loop-1 2L6I_0-1-helix-5
0x18a3840 : 6I7V_0-26-loop-1 4TZP_2-2-helix-4
## Position Templates.
## Assemble Templates.
## Transform.
# Writing sampling structure 7
## Score of Templates: 35.8
## Print Templates.
0x18a48f0 : 6R6G_7-1-loop-3 unknown
0x18a2660 : 3V7E_1-4-loop-1 2L6I_0-1-helix-5
0x18a3840 : 4YBB_2-73-loop-1 4TZP_2-2-helix-4
## Position Templates.
## Assemble Templates.
## Transform.
# Writing sampling structure 8
## Score of Templates: 38.4
## Print Templates.
0x18a48f0 : 6FRK_0-1-loop-3 unknown
0x18a2660 : 4U27_0-87-loop-1 2L6I_0-1-helix-5
0x18a3840 : 6CIH_0-17-loop-1 4TZP_2-2-helix-4
## Position Templates.
## Assemble Templates.
## Transform.
# Writing sampling structure 9
## Score of Templates: 34.2
## Print Templates.
0x18a48f0 : 6R6G_7-1-loop-3 unknown
0x18a2660 : 5XXB_0-135-loop-1 2L6I_0-1-helix-5
0x18a3840 : 5FCJ_5-157-loop-1 4TZP_2-2-helix-4
## Position Templates.
## Assemble Templates.
## Transform.
# Writing sampling structure 10
End time: Sun Feb 25 19:03:34 2024

Elapsed seconds: 13.9114s
